<?xml version="1.0" encoding="UTF-8"?>
<testng-results ignored="0" total="1" passed="1" failed="0" skipped="0">
  <reporter-output>
  </reporter-output>
  <suite started-at="2022-11-15T15:11:37 IST" name="Default suite" finished-at="2022-11-15T15:11:38 IST" duration-ms="96">
    <groups>
    </groups>
    <test started-at="2022-11-15T15:11:37 IST" name="Default test" finished-at="2022-11-15T15:11:38 IST" duration-ms="96">
      <class name="Maven_Parameters.LoginPageTest">
        <test-method signature="loginCredentials()[pri:0, instance:Maven_Parameters.LoginPageTest@63a12c68]" started-at="2022-11-15T15:11:38 IST" name="loginCredentials" finished-at="2022-11-15T15:11:38 IST" duration-ms="23" status="PASS">
          <reporter-output>
          </reporter-output>
        </test-method> <!-- loginCredentials -->
      </class> <!-- Maven_Parameters.LoginPageTest -->
    </test> <!-- Default test -->
  </suite> <!-- Default suite -->
</testng-results>
